-------- start of print ---------
Tensor name: symm. tensor
braket_form : True
is_diag    : False
[OVERALL] contiguous : True
========================
BLOCK [#0]
 |- []   : Qn index
 |- Sym(): Qnum of correspond symmetry
                 -----------
                 |         |
   [0] U1(1)  -->| 1     1 |-->  [0] U1(2)
                 |         |
   [0] U1(1)  -->| 1       |
                 |         |
                 -----------

Total elem: 1
type  : Double (Float64)
cytnx device: CPU
Shape : (1,1,1)
[[[0.00000e+00 ]]]

========================
BLOCK [#1]
 |- []   : Qn index
 |- Sym(): Qnum of correspond symmetry
                  -----------
                  |         |
   [0] U1(1)   -->| 1     2 |-->  [1] U1(0)
                  |         |
   [1] U1(-1)  -->| 1       |
                  |         |
                  -----------

Total elem: 2
type  : Double (Float64)
cytnx device: CPU
Shape : (1,1,2)
[[[0.00000e+00 0.00000e+00 ]]]

========================
BLOCK [#2]
 |- []   : Qn index
 |- Sym(): Qnum of correspond symmetry
                  -----------
                  |         |
   [1] U1(-1)  -->| 1     2 |-->  [1] U1(0)
                  |         |
   [0] U1(1)   -->| 1       |
                  |         |
                  -----------

Total elem: 2
type  : Double (Float64)
cytnx device: CPU
Shape : (1,1,2)
[[[0.00000e+00 0.00000e+00 ]]]

========================
BLOCK [#3]
 |- []   : Qn index
 |- Sym(): Qnum of correspond symmetry
                  -----------
                  |         |
   [1] U1(-1)  -->| 1     1 |-->  [2] U1(-2)
                  |         |
   [1] U1(-1)  -->| 1       |
                  |         |
                  -----------

Total elem: 1
type  : Double (Float64)
cytnx device: CPU
Shape : (1,1,1)
[[[0.00000e+00 ]]]
