-----------------------
tensor Name : uT
tensor Rank : 3
contiguous  : True
valid blocks: 6
is diag     : False
on device   : cytnx device: CPU
      row           col
         -----------
         |         |
   a  -->| 2     4 |-->  c
         |         |
   b  -->| 2       |
         |         |
         -----------

Rowrank of T =  2
-----------------------
tensor Name : uT transposed
tensor Rank : 3
contiguous  : False
valid blocks: 6
is diag     : False
on device   : cytnx device: CPU
      row           col
         -----------
         |         |
   c  -->| 4     2 |-->  a
         |         |
         |       2 |-->  b
         |         |
         -----------

Rowrank of transposed T =  1
