-----------------------
tensor Name : all zeros
tensor Rank : 3
block_form  : False
is_diag     : False
on device   : cytnx device: CPU
          ---------
         /         \
   a ____| 2     3 |____ b
         |         |
         |       4 |____ c
         \         /
          ---------
-----------------------
tensor Name : identity
tensor Rank : 2
block_form  : False
is_diag     : False
on device   : cytnx device: CPU
             ---------
            /         \
   left ____| 4     4 |____ right
            \         /
             ---------
