-------- start of print ---------
Tensor name: tensor uT
is_diag    : False
contiguous : True

Total elem: 24
type  : Double (Float64)
cytnx device: CPU
Shape : (2,3,4)
[[[1.00000e+00 1.00000e+00 1.00000e+00 1.00000e+00 ]
  [1.00000e+00 1.00000e+00 1.00000e+00 1.00000e+00 ]
  [1.00000e+00 1.00000e+00 1.00000e+00 1.00000e+00 ]]
 [[1.00000e+00 1.00000e+00 1.00000e+00 1.00000e+00 ]
  [1.00000e+00 1.00000e+00 1.00000e+00 1.00000e+00 ]
  [1.00000e+00 1.00000e+00 1.00000e+00 1.00000e+00 ]]]


-------- start of print ---------
Tensor name: diag tensor
braket_form : False
is_diag    : True
contiguous : True

Total elem: 2
type  : Double (Float64)
cytnx device: CPU
Shape : (2)
[0.00000e+00 0.00000e+00 ]




