-----------------------
tensor Name : T
tensor Rank : 3
block_form  : False
is_diag     : False
on device   : cytnx device: CPU
          ---------
         /         \
   a ____| 5     5 |____ c
         |         |
   b ____| 5       |
         \         /
          ---------
Rowrank of T =  2
-----------------------
tensor Name : T
tensor Rank : 3
block_form  : False
is_diag     : False
on device   : cytnx device: CPU
          ---------
         /         \
   c ____| 5     5 |____ b
         |         |
         |       5 |____ a
         \         /
          ---------
Rowrank of transposed T =  1
