-----------------------
tensor Name : uT
tensor Rank : 5
block_form  : False
is_diag     : False
on device   : cytnx device: CPU
          ---------
         /         \
   a ____| 5     5 |____ c
         |         |
   b ____| 5     5 |____ d
         |         |
         |       5 |____ e
         \         /
          ---------
-----------------------
tensor Name : uT
tensor Rank : 5
block_form  : False
is_diag     : False
on device   : cytnx device: CPU
          ---------
         /         \
   a ____| 5     5 |____ d
         |         |
   b ____| 5     5 |____ e
         |         |
   c ____| 5       |
         \         /
          ---------
