
Total elem: 12
type  : Double (Float64)
cytnx device: CPU
Shape : (3,4)
[[1.00000e+00 1.00000e+00 1.00000e+00 1.00000e+00 ]
 [1.00000e+00 1.00000e+00 1.00000e+00 1.00000e+00 ]
 [1.00000e+00 1.00000e+00 1.00000e+00 1.00000e+00 ]]




Total elem: 12
type  : Double (Float64)
cytnx device: CPU
Shape : (3,4)
[[5.00000e+00 5.00000e+00 5.00000e+00 5.00000e+00 ]
 [5.00000e+00 5.00000e+00 5.00000e+00 5.00000e+00 ]
 [5.00000e+00 5.00000e+00 5.00000e+00 5.00000e+00 ]]




Total elem: 12
type  : Complex Double (Complex Float64)
cytnx device: CPU
Shape : (3,4)
[[1.00000e+00-7.00000e+00j 1.00000e+00-7.00000e+00j 1.00000e+00-7.00000e+00j 1.00000e+00-7.00000e+00j ]
 [1.00000e+00-7.00000e+00j 1.00000e+00-7.00000e+00j 1.00000e+00-7.00000e+00j 1.00000e+00-7.00000e+00j ]
 [1.00000e+00-7.00000e+00j 1.00000e+00-7.00000e+00j 1.00000e+00-7.00000e+00j 1.00000e+00-7.00000e+00j ]]
