
Total elem: 60
type  : Double (Float64)
cytnx device: CPU
Shape : (3,4,5)
[[[1.00000e+00 1.00000e+00 1.00000e+00 1.00000e+00 1.00000e+00 ]
  [1.00000e+00 1.00000e+00 1.00000e+00 1.00000e+00 1.00000e+00 ]
  [1.00000e+00 1.00000e+00 1.00000e+00 1.00000e+00 1.00000e+00 ]
  [1.00000e+00 1.00000e+00 1.00000e+00 1.00000e+00 1.00000e+00 ]]
 [[1.00000e+00 1.00000e+00 1.00000e+00 1.00000e+00 1.00000e+00 ]
  [1.00000e+00 1.00000e+00 1.00000e+00 1.00000e+00 1.00000e+00 ]
  [1.00000e+00 1.00000e+00 1.00000e+00 1.00000e+00 1.00000e+00 ]
  [1.00000e+00 1.00000e+00 1.00000e+00 1.00000e+00 1.00000e+00 ]]
 [[1.00000e+00 1.00000e+00 1.00000e+00 1.00000e+00 1.00000e+00 ]
  [1.00000e+00 1.00000e+00 1.00000e+00 1.00000e+00 1.00000e+00 ]
  [1.00000e+00 1.00000e+00 1.00000e+00 1.00000e+00 1.00000e+00 ]
  [1.00000e+00 1.00000e+00 1.00000e+00 1.00000e+00 1.00000e+00 ]]]




Total elem: 20
type  : Double (Float64)
cytnx device: CPU
Shape : (4,5)
[[2.00000e+00 2.00000e+00 2.00000e+00 2.00000e+00 2.00000e+00 ]
 [2.00000e+00 2.00000e+00 2.00000e+00 2.00000e+00 2.00000e+00 ]
 [2.00000e+00 2.00000e+00 2.00000e+00 2.00000e+00 2.00000e+00 ]
 [2.00000e+00 2.00000e+00 2.00000e+00 2.00000e+00 2.00000e+00 ]]




Total elem: 80
type  : Double (Float64)
cytnx device: CPU
Shape : (4,4,5)
[[[1.00000e+00 1.00000e+00 1.00000e+00 1.00000e+00 1.00000e+00 ]
  [1.00000e+00 1.00000e+00 1.00000e+00 1.00000e+00 1.00000e+00 ]
  [1.00000e+00 1.00000e+00 1.00000e+00 1.00000e+00 1.00000e+00 ]
  [1.00000e+00 1.00000e+00 1.00000e+00 1.00000e+00 1.00000e+00 ]]
 [[1.00000e+00 1.00000e+00 1.00000e+00 1.00000e+00 1.00000e+00 ]
  [1.00000e+00 1.00000e+00 1.00000e+00 1.00000e+00 1.00000e+00 ]
  [1.00000e+00 1.00000e+00 1.00000e+00 1.00000e+00 1.00000e+00 ]
  [1.00000e+00 1.00000e+00 1.00000e+00 1.00000e+00 1.00000e+00 ]]
 [[1.00000e+00 1.00000e+00 1.00000e+00 1.00000e+00 1.00000e+00 ]
  [1.00000e+00 1.00000e+00 1.00000e+00 1.00000e+00 1.00000e+00 ]
  [1.00000e+00 1.00000e+00 1.00000e+00 1.00000e+00 1.00000e+00 ]
  [1.00000e+00 1.00000e+00 1.00000e+00 1.00000e+00 1.00000e+00 ]]
 [[2.00000e+00 2.00000e+00 2.00000e+00 2.00000e+00 2.00000e+00 ]
  [2.00000e+00 2.00000e+00 2.00000e+00 2.00000e+00 2.00000e+00 ]
  [2.00000e+00 2.00000e+00 2.00000e+00 2.00000e+00 2.00000e+00 ]
  [2.00000e+00 2.00000e+00 2.00000e+00 2.00000e+00 2.00000e+00 ]]]



