
Total elem: 24
type  : Double (Float64)
cytnx device: CPU
Shape : (2,3,4)
[[[3.00000e+02 0.00000e+00 0.00000e+00 0.00000e+00 ]
  [0.00000e+00 0.00000e+00 0.00000e+00 0.00000e+00 ]
  [0.00000e+00 0.00000e+00 0.00000e+00 0.00000e+00 ]]
 [[0.00000e+00 0.00000e+00 0.00000e+00 0.00000e+00 ]
  [0.00000e+00 0.00000e+00 0.00000e+00 0.00000e+00 ]
  [0.00000e+00 0.00000e+00 0.00000e+00 0.00000e+00 ]]]




Total elem: 24
type  : Double (Float64)
cytnx device: CPU
Shape : (2,4,3)
[[[3.00000e+02 0.00000e+00 0.00000e+00 ]
  [0.00000e+00 0.00000e+00 0.00000e+00 ]
  [0.00000e+00 0.00000e+00 0.00000e+00 ]
  [0.00000e+00 0.00000e+00 0.00000e+00 ]]
 [[0.00000e+00 0.00000e+00 0.00000e+00 ]
  [0.00000e+00 0.00000e+00 0.00000e+00 ]
  [0.00000e+00 0.00000e+00 0.00000e+00 ]
  [0.00000e+00 0.00000e+00 0.00000e+00 ]]]
