-----------------------
tensor Name : untagged tensor
tensor Rank : 3
block_form  : False
is_diag     : False
on device   : cytnx device: CPU
          ---------
         /         \
   a ____| 2     3 |____ b
         |         |
         |       4 |____ c
         \         /
          ---------
-----------------------
tensor Name : symm. tensor
tensor Rank : 3
contiguous  : True
valid blocks : 4
is diag   : False
on device   : cytnx device: CPU
      row           col
         -----------
         |         |
   d  -->| 2     4 |-->  f
         |         |
   e  -->| 2       |
         |         |
         -----------

-----------------------
tensor Name : diag tensor
tensor Rank : 2
block_form  : False
is_diag     : True
on device   : cytnx device: CPU
braket_form : False
      row           col
         -----------
         |         |
   g *<--| 2     2 |<--* h
         |         |
         -----------
