
Total elem: 12
type  : Double (Float64)
cytnx device: CPU
Shape : (3,4)
[[0.00000e+00 1.00000e+00 2.00000e+00 3.00000e+00 ]
 [4.00000e+00 5.00000e+00 6.00000e+00 7.00000e+00 ]
 [8.00000e+00 9.00000e+00 1.00000e+01 1.10000e+01 ]]




Total elem: 12
type  : Double (Float64)
cytnx device: CPU
Shape : (3,4)
[[4.00000e+00 4.00000e+00 4.00000e+00 4.00000e+00 ]
 [4.00000e+00 4.00000e+00 4.00000e+00 4.00000e+00 ]
 [4.00000e+00 4.00000e+00 4.00000e+00 4.00000e+00 ]]




Total elem: 12
type  : Double (Float64)
cytnx device: CPU
Shape : (3,4)
[[0.00000e+00 4.00000e+00 8.00000e+00 1.20000e+01 ]
 [1.60000e+01 2.00000e+01 2.40000e+01 2.80000e+01 ]
 [3.20000e+01 3.60000e+01 4.00000e+01 4.40000e+01 ]]



