-----------------------
tensor Name : Q
tensor Rank : 4
block_form  : False
is_diag     : False
on device   : cytnx device: CPU
          ----------
         /          \
   0 ____| 5     25 |____ _aux_
         |          |
   1 ____| 5        |
         |          |
   2 ____| 5        |
         \          /
          ----------
-----------------------
tensor Name : R
tensor Rank : 3
block_form  : False
is_diag     : False
on device   : cytnx device: CPU
              ----------
             /          \
   _aux_ ____| 25     5 |____ 3
             |          |
             |        5 |____ 4
             \          /
              ----------

Total elem: 1
type  : Double (Float64)
cytnx device: CPU
Shape : (1)
[3.64214e-14 ]
