-----------------------
tensor Name : 
tensor Rank : 3
block_form  : False
is_diag     : False
on device   : cytnx device: CPU
          ---------     
         /         \    
   i ____| 2     3 |____ j
         |         |    
         |       4 |____ l
         \         /    
          ---------     
-----------------------
tensor Name : 
tensor Rank : 4
block_form  : False
is_diag     : False
on device   : cytnx device: CPU
          ---------     
         /         \    
   j ____| 3     4 |____ l
         |         |    
   k ____| 2     5 |____ m
         \         /    
          ---------     
-----------------------
tensor Name : 
tensor Rank : 3
block_form  : False
is_diag     : False
on device   : cytnx device: CPU
          ---------     
         /         \    
   i ____| 2     5 |____ m
         |         |    
   k ____| 2       |        
         \         /    
          ---------     
