['a', 'b']
-------- start of print ---------
Tensor name: Untagged_Unitensor
is_diag    : False
contiguous : True

Total elem: 16
type  : Double (Float64)
cytnx device: CPU
Shape : (4,4)
[[0.00000e+00 0.00000e+00 0.00000e+00 0.00000e+00 ]
 [0.00000e+00 0.00000e+00 0.00000e+00 0.00000e+00 ]
 [0.00000e+00 0.00000e+00 0.00000e+00 0.00000e+00 ]
 [0.00000e+00 0.00000e+00 0.00000e+00 0.00000e+00 ]]




['a', 'b']
-------- start of print ---------
Tensor name: symmetric_Unitensor
braket_form : True
is_diag    : False
[OVERALL] contiguous : True
========================
BLOCK [#0]
 |- []   : Qn index 
 |- Sym(): Qnum of correspond symmetry
                 -----------
                 |         |
   [0] U1(1)  -->| 1     1 |-->  [0] U1(1)
                 |         |
                 -----------

Total elem: 1
type  : Double (Float64)
cytnx device: CPU
Shape : (1,1)
[[0.00000e+00 ]]

========================
BLOCK [#1]
 |- []   : Qn index 
 |- Sym(): Qnum of correspond symmetry
                 -----------
                 |         |
   [1] U1(0)  -->| 2     2 |-->  [1] U1(0)
                 |         |
                 -----------

Total elem: 4
type  : Double (Float64)
cytnx device: CPU
Shape : (2,2)
[[1.00000e+00 1.00000e+00 ]
 [1.00000e+00 1.00000e+00 ]]

========================
BLOCK [#2]
 |- []   : Qn index 
 |- Sym(): Qnum of correspond symmetry
                  -----------
                  |         |
   [2] U1(-1)  -->| 1     1 |-->  [2] U1(-1)
                  |         |
                  -----------

Total elem: 1
type  : Double (Float64)
cytnx device: CPU
Shape : (1,1)
[[0.00000e+00 ]]



