-----------------------
tensor Name : Ta
tensor Rank : 3
block_form  : False
is_diag     : False
on device   : cytnx device: CPU
braket_form : True
      row           col 
         -----------    
         |         |    
   0  -->| 3     3 |-->  2
         |         |    
   1  -->| 3       |        
         |         |    
         -----------    
-----------------------
tensor Name : Tb
tensor Rank : 3
block_form  : False
is_diag     : False
on device   : cytnx device: CPU
braket_form : True
      row           col 
         -----------    
         |         |    
   2  -->| 3     3 |-->  3
         |         |    
         |       3 |-->  4
         |         |    
         -----------    
-----------------------
tensor Name : Tc
tensor Rank : 3
block_form  : False
is_diag     : False
on device   : cytnx device: CPU
braket_form : False
      row           col 
         -----------    
         |         |    
   2 *<--| 3     3 |-->  3
         |         |    
         |       3 |-->  4
         |         |    
         -----------    
