Dim = 4 |type: KET>
 U1::   +0  -4  -2  +3


Dim = 4 |type: KET>
 U1::   +0  -4  -2  +3


True
Dim = 5 |type: KET>
 U1::   -1  +1  +2  -2  +0


Dim = 20 |type: KET>
 U1::   -1  +1  +2  -2  +0  -5  -3  -2  -6  -4  -3  -1  +0  -4  -2  +2  +4  +5  +1  +3


Dim = 4 |type: KET>
 U1::   +0  -4  -2  +3
Deg>>    1   1   1   1


Dim = 4 |type: KET>
 U1::   +0  -4  -2  +3
Deg>>    1   1   1   1


True
Dim = 5 |type: KET>
 U1::   -1  +1  +2  -2  +0
Deg>>    1   1   1   1   1


Dim = 20 |type: KET>
 U1::   -6  -5  -4  -3  -2  -1  +0  +1  +2  +3  +4  +5
Deg>>    1   1   2   2   3   2   2   2   2   1   1   1
