-----------------------
tensor Name :
tensor Rank : 2
block_form  : false
is_diag     : False
on device   : cytnx device: CPU
            -------------
           /             \
     0 ____| 4           |
           |             |
     1 ____| 4           |
           \             /
            -------------
before:

Total elem: 16
type  : Double (Float64)
cytnx device: CPU
Shape : (4,4)
[[0.00000e+00 0.00000e+00 0.00000e+00 0.00000e+00 ]
 [0.00000e+00 0.00000e+00 0.00000e+00 0.00000e+00 ]
 [0.00000e+00 0.00000e+00 0.00000e+00 0.00000e+00 ]
 [0.00000e+00 0.00000e+00 0.00000e+00 0.00000e+00 ]]


-------- start of print ---------
Tensor name:
Tensor name:
is_diag    : False
contiguous : True

Total elem: 16
type  : Double (Float64)
cytnx device: CPU
Shape : (4,4)
[[0.00000e+00 0.00000e+00 0.00000e+00 0.00000e+00 ]
 [0.00000e+00 0.00000e+00 0.00000e+00 0.00000e+00 ]
 [0.00000e+00 0.00000e+00 0.00000e+00 0.00000e+00 ]
 [0.00000e+00 0.00000e+00 0.00000e+00 0.00000e+00 ]]



after:

Total elem: 16
type  : Double (Float64)
cytnx device: CPU
Shape : (4,4)
[[1.45600e+00 0.00000e+00 0.00000e+00 0.00000e+00 ]
 [0.00000e+00 0.00000e+00 0.00000e+00 0.00000e+00 ]
 [0.00000e+00 0.00000e+00 0.00000e+00 0.00000e+00 ]
 [0.00000e+00 0.00000e+00 0.00000e+00 0.00000e+00 ]]


-------- start of print ---------
Tensor name:
Tensor name:
is_diag    : False
contiguous : True

Total elem: 16
type  : Double (Float64)
cytnx device: CPU
Shape : (4,4)
[[1.45600e+00 0.00000e+00 0.00000e+00 0.00000e+00 ]
 [0.00000e+00 0.00000e+00 0.00000e+00 0.00000e+00 ]
 [0.00000e+00 0.00000e+00 0.00000e+00 0.00000e+00 ]
 [0.00000e+00 0.00000e+00 0.00000e+00 0.00000e+00 ]]



[non-share example]
before:

Total elem: 16
type  : Double (Float64)
cytnx device: CPU
Shape : (4,4)
[[1.45600e+00 0.00000e+00 0.00000e+00 0.00000e+00 ]
 [0.00000e+00 0.00000e+00 0.00000e+00 0.00000e+00 ]
 [0.00000e+00 0.00000e+00 0.00000e+00 0.00000e+00 ]
 [0.00000e+00 0.00000e+00 0.00000e+00 0.00000e+00 ]]


-------- start of print ---------
Tensor name:
Tensor name:
is_diag    : False
contiguous : True

Total elem: 16
type  : Double (Float64)
cytnx device: CPU
Shape : (4,4)
[[1.45600e+00 0.00000e+00 0.00000e+00 0.00000e+00 ]
 [0.00000e+00 0.00000e+00 0.00000e+00 0.00000e+00 ]
 [0.00000e+00 0.00000e+00 0.00000e+00 0.00000e+00 ]
 [0.00000e+00 0.00000e+00 0.00000e+00 0.00000e+00 ]]



after

Total elem: 16
type  : Double (Float64)
cytnx device: CPU
Shape : (4,4)
[[1.45600e+00 0.00000e+00 0.00000e+00 0.00000e+00 ]
 [0.00000e+00 0.00000e+00 0.00000e+00 0.00000e+00 ]
 [0.00000e+00 0.00000e+00 0.00000e+00 0.00000e+00 ]
 [0.00000e+00 0.00000e+00 0.00000e+00 0.00000e+00 ]]


-------- start of print ---------
Tensor name:
Tensor name:
is_diag    : False
contiguous : True

Total elem: 16
type  : Double (Float64)
cytnx device: CPU
Shape : (4,4)
[[1.45600e+00 0.00000e+00 0.00000e+00 0.00000e+00 ]
 [0.00000e+00 2.34500e+00 0.00000e+00 0.00000e+00 ]
 [0.00000e+00 0.00000e+00 0.00000e+00 0.00000e+00 ]
 [0.00000e+00 0.00000e+00 0.00000e+00 0.00000e+00 ]]
