
Total elem: 60
type  : Double (Float64)
cytnx device: CPU
Shape : (3,4,5)
[[[4.65151e-310 3.99988e-315 0.00000e+00 4.65151e-310 0.00000e+00 ]
  [0.00000e+00 0.00000e+00 0.00000e+00 0.00000e+00 0.00000e+00 ]
  [0.00000e+00 0.00000e+00 0.00000e+00 0.00000e+00 0.00000e+00 ]
  [0.00000e+00 0.00000e+00 0.00000e+00 0.00000e+00 0.00000e+00 ]]
 [[0.00000e+00 0.00000e+00 0.00000e+00 0.00000e+00 0.00000e+00 ]
  [0.00000e+00 0.00000e+00 0.00000e+00 0.00000e+00 0.00000e+00 ]
  [0.00000e+00 0.00000e+00 0.00000e+00 0.00000e+00 0.00000e+00 ]
  [0.00000e+00 0.00000e+00 0.00000e+00 0.00000e+00 0.00000e+00 ]]
 [[0.00000e+00 0.00000e+00 0.00000e+00 0.00000e+00 0.00000e+00 ]
  [0.00000e+00 0.00000e+00 0.00000e+00 0.00000e+00 0.00000e+00 ]
  [0.00000e+00 0.00000e+00 0.00000e+00 0.00000e+00 0.00000e+00 ]
  [0.00000e+00 0.00000e+00 0.00000e+00 0.00000e+00 0.00000e+00 ]]]



Total elem: 60
type  : Uint64
cytnx device: CPU
Shape : (3,4,5)
[[[     94147524311376 7598263423011343989 7012798830181905507      94147524318208                   0 ]
  [                  0                   0                   0                   0                   0 ]
  [                  0                   0                   0                   0                   0 ]
  [                  0                   0                   0                   0                   0 ]]
 [[                  0                   0                   0                   0                   0 ]
  [                  0                   0                   0                   0                   0 ]
  [                  0                   0                   0                   0                   0 ]
  [                  0                   0                   0                   0                   0 ]]
 [[                  0                   0                   0                   0                   0 ]
  [                  0                   0                   0                   0                   0 ]
  [                  0                   0                   0                   0                   0 ]
  [                  0                   0                   0                   0                   0 ]]]



Total elem: 60
type  : Double (Float64)
01
cytnx device: CUDA/GPU-id:0
Shape : (3,4,5)
[[[0.00000e+00 0.00000e+00 0.00000e+00 0.00000e+00 0.00000e+00 ]
  [0.00000e+00 0.00000e+00 0.00000e+00 0.00000e+00 0.00000e+00 ]
  [0.00000e+00 0.00000e+00 0.00000e+00 0.00000e+00 0.00000e+00 ]
  [0.00000e+00 0.00000e+00 0.00000e+00 0.00000e+00 0.00000e+00 ]]
 [[0.00000e+00 0.00000e+00 0.00000e+00 0.00000e+00 0.00000e+00 ]
  [0.00000e+00 0.00000e+00 0.00000e+00 0.00000e+00 0.00000e+00 ]
  [0.00000e+00 0.00000e+00 0.00000e+00 0.00000e+00 0.00000e+00 ]
  [0.00000e+00 0.00000e+00 0.00000e+00 0.00000e+00 0.00000e+00 ]]
 [[0.00000e+00 0.00000e+00 0.00000e+00 0.00000e+00 0.00000e+00 ]
  [0.00000e+00 0.00000e+00 0.00000e+00 0.00000e+00 0.00000e+00 ]
  [0.00000e+00 0.00000e+00 0.00000e+00 0.00000e+00 0.00000e+00 ]
  [0.00000e+00 0.00000e+00 0.00000e+00 0.00000e+00 0.00000e+00 ]]]


