
Total elem: 60
type  : Double (Float64)
cytnx device: CPU
Shape : (3,4,5)
[[[4.68230e-310 4.68230e-310 2.05620e-257 6.91807e-310 6.91804e-310 ]
  [-1.22749e-89 6.91807e-310 6.91804e-310 9.67223e+165 6.91807e-310 ]
  [6.91804e-310 -4.21470e-170 6.91807e-310 6.91804e-310 0.00000e+00 ]
  [0.00000e+00 0.00000e+00 0.00000e+00 0.00000e+00 0.00000e+00 ]]
 [[0.00000e+00 0.00000e+00 0.00000e+00 0.00000e+00 0.00000e+00 ]
  [0.00000e+00 0.00000e+00 0.00000e+00 0.00000e+00 0.00000e+00 ]
  [0.00000e+00 0.00000e+00 0.00000e+00 0.00000e+00 0.00000e+00 ]
  [0.00000e+00 0.00000e+00 0.00000e+00 0.00000e+00 0.00000e+00 ]]
 [[0.00000e+00 0.00000e+00 0.00000e+00 0.00000e+00 0.00000e+00 ]
  [0.00000e+00 0.00000e+00 0.00000e+00 0.00000e+00 0.00000e+00 ]
  [0.00000e+00 0.00000e+00 0.00000e+00 0.00000e+00 0.00000e+00 ]
  [0.00000e+00 0.00000e+00 0.00000e+00 0.00000e+00 0.00000e+00 ]]]




Total elem: 60
type  : Uint64
cytnx device: CPU
Shape : (3,4,5)
[[[                  0                   0                   0                   0                   0 ]
  [                  0                   0                   0                   0                   0 ]
  [                  0   72057594037927936   72340172838076672   72340172838076673   72340172838076673 ]
  [              65793                   0                   0                   0                   0 ]]
 [[                  0                   0                   0                   0                   0 ]
  [                  0                   0                   0                   0                   0 ]
  [                  0                   0                   0                   0                   0 ]
  [                  0                   0                   0                 256                   0 ]]
 [[                  0                   0                   0                   0                   0 ]
  [                  0                   0   72057594037927936                   0                   0 ]
  [                  0                   0                   0                   0                   0 ]
  [                  0                   0                   0                   0                   0 ]]]




Total elem: 60
type  : Double (Float64)
01
cytnx device: CUDA/GPU-id:0
Shape : (3,4,5)
[[[0.00000e+00 0.00000e+00 0.00000e+00 0.00000e+00 0.00000e+00 ]
  [0.00000e+00 0.00000e+00 0.00000e+00 0.00000e+00 0.00000e+00 ]
  [0.00000e+00 0.00000e+00 0.00000e+00 0.00000e+00 0.00000e+00 ]
  [0.00000e+00 0.00000e+00 0.00000e+00 0.00000e+00 0.00000e+00 ]]
 [[0.00000e+00 0.00000e+00 0.00000e+00 0.00000e+00 0.00000e+00 ]
  [0.00000e+00 0.00000e+00 0.00000e+00 0.00000e+00 0.00000e+00 ]
  [0.00000e+00 0.00000e+00 0.00000e+00 0.00000e+00 0.00000e+00 ]
  [0.00000e+00 0.00000e+00 0.00000e+00 0.00000e+00 0.00000e+00 ]]
 [[0.00000e+00 0.00000e+00 0.00000e+00 0.00000e+00 0.00000e+00 ]
  [0.00000e+00 0.00000e+00 0.00000e+00 0.00000e+00 0.00000e+00 ]
  [0.00000e+00 0.00000e+00 0.00000e+00 0.00000e+00 0.00000e+00 ]
  [0.00000e+00 0.00000e+00 0.00000e+00 0.00000e+00 0.00000e+00 ]]]



