
Total elem: 60
type  : Double (Float64)
cytnx device: CPU
Shape : (3,4,5)
[[[0.00000e+00 1.00000e+00 2.00000e+00 3.00000e+00 4.00000e+00 ]
  [5.00000e+00 6.00000e+00 7.00000e+00 8.00000e+00 9.00000e+00 ]
  [1.00000e+01 1.10000e+01 1.20000e+01 1.30000e+01 1.40000e+01 ]
  [1.50000e+01 1.60000e+01 1.70000e+01 1.80000e+01 1.90000e+01 ]]
 [[2.00000e+01 2.10000e+01 2.20000e+01 2.30000e+01 2.40000e+01 ]
  [2.50000e+01 2.60000e+01 2.70000e+01 2.80000e+01 2.90000e+01 ]
  [3.00000e+01 3.10000e+01 3.20000e+01 3.30000e+01 3.40000e+01 ]
  [3.50000e+01 3.60000e+01 3.70000e+01 3.80000e+01 3.90000e+01 ]]
 [[4.00000e+01 4.10000e+01 4.20000e+01 4.30000e+01 4.40000e+01 ]
  [4.50000e+01 4.60000e+01 4.70000e+01 4.80000e+01 4.90000e+01 ]
  [5.00000e+01 5.10000e+01 5.20000e+01 5.30000e+01 5.40000e+01 ]
  [5.50000e+01 5.60000e+01 5.70000e+01 5.80000e+01 5.90000e+01 ]]]




Total elem: 12
type  : Double (Float64)
cytnx device: CPU
Shape : (4,3)
[[0.00000e+00 0.00000e+00 0.00000e+00 ]
 [0.00000e+00 0.00000e+00 0.00000e+00 ]
 [0.00000e+00 0.00000e+00 0.00000e+00 ]
 [0.00000e+00 0.00000e+00 0.00000e+00 ]]




Total elem: 60
type  : Double (Float64)
cytnx device: CPU
Shape : (3,4,5)
[[[0.00000e+00 1.00000e+00 2.00000e+00 3.00000e+00 4.00000e+00 ]
  [5.00000e+00 6.00000e+00 7.00000e+00 8.00000e+00 9.00000e+00 ]
  [1.00000e+01 1.10000e+01 1.20000e+01 1.30000e+01 1.40000e+01 ]
  [1.50000e+01 1.60000e+01 1.70000e+01 1.80000e+01 1.90000e+01 ]]
 [[2.00000e+01 2.10000e+01 2.20000e+01 2.30000e+01 2.40000e+01 ]
  [2.50000e+01 2.60000e+01 2.70000e+01 2.80000e+01 2.90000e+01 ]
  [3.00000e+01 3.10000e+01 3.20000e+01 3.30000e+01 3.40000e+01 ]
  [3.50000e+01 3.60000e+01 3.70000e+01 3.80000e+01 3.90000e+01 ]]
 [[4.00000e+01 4.10000e+01 0.00000e+00 0.00000e+00 0.00000e+00 ]
  [4.50000e+01 4.60000e+01 0.00000e+00 0.00000e+00 0.00000e+00 ]
  [5.00000e+01 5.10000e+01 0.00000e+00 0.00000e+00 0.00000e+00 ]
  [5.50000e+01 5.60000e+01 0.00000e+00 0.00000e+00 0.00000e+00 ]]]




Total elem: 60
type  : Double (Float64)
cytnx device: CPU
Shape : (3,4,5)
[[[9.99000e+02 9.99000e+02 2.00000e+00 3.00000e+00 4.00000e+00 ]
  [9.99000e+02 9.99000e+02 7.00000e+00 8.00000e+00 9.00000e+00 ]
  [9.99000e+02 9.99000e+02 1.20000e+01 1.30000e+01 1.40000e+01 ]
  [9.99000e+02 9.99000e+02 1.70000e+01 1.80000e+01 1.90000e+01 ]]
 [[2.00000e+01 2.10000e+01 2.20000e+01 2.30000e+01 2.40000e+01 ]
  [2.50000e+01 2.60000e+01 2.70000e+01 2.80000e+01 2.90000e+01 ]
  [3.00000e+01 3.10000e+01 3.20000e+01 3.30000e+01 3.40000e+01 ]
  [3.50000e+01 3.60000e+01 3.70000e+01 3.80000e+01 3.90000e+01 ]]
 [[4.00000e+01 4.10000e+01 0.00000e+00 0.00000e+00 0.00000e+00 ]
  [4.50000e+01 4.60000e+01 0.00000e+00 0.00000e+00 0.00000e+00 ]
  [5.00000e+01 5.10000e+01 0.00000e+00 0.00000e+00 0.00000e+00 ]
  [5.50000e+01 5.60000e+01 0.00000e+00 0.00000e+00 0.00000e+00 ]]]
