Dim = 10 |type: KET>


Dim = 4 |type: KET>


Dim = 5 |type: KET>


Dim = 2 |type: KET>


Dim = 400 |type: KET>


Dim = 3 |type: <BRA
 U1::   +0  +2  -4
 Z2::   +1  +0  +1
Deg>>    1   1   1


Dim = 4 |type: <BRA
 U1::   +0  +2  -1  +3
 Z2::   +0  +1  +1  +0
Deg>>    1   1   1   1


Dim = 5 |type: <BRA
 U1::   +1  -1  -2  +0
 Z2::   +1  +1  +0  +0
Deg>>    2   1   1   1


Dim = 60 |type: <BRA
 U1::   -7  -6  -5  -4  -4  -3  -3  -2  -2  -1  -1  +0  +0  +1  +1  +2  +2  +3  +3  +4  +4  +5  +6
 Z2::   +0  +1  +0  +0  +1  +0  +1  +0  +1  +0  +1  +0  +1  +0  +1  +0  +1  +0  +1  +0  +1  +0  +1
Deg>>    1   2   2   1   3   3   2   2   2   2   4   5   3   2   4   5   1   2   5   2   2   3   2
